\BOOKMARK [1][-]{section.1}{\376\377\0001\000.\000\040\000C\000l\000a\000s\000s\000\040\0000\0001\000.\0000\0009\000.\0002\0000\0002\0000}{}% 1
\BOOKMARK [2][-]{subsection.1.1}{\376\377\0001\000.\0001\000.\000\040\000G\000e\000n\000e\000r\000a\000l\000\040\000I\000n\000t\000r\000o\000d\000u\000c\000t\000i\000o\000n}{section.1}% 2
\BOOKMARK [2][-]{subsection.1.2}{\376\377\0001\000.\0002\000.\000\040\000A\000c\000c\000u\000m\000u\000l\000a\000t\000i\000o\000n\000\040\000F\000u\000n\000c\000t\000i\000o\000n}{section.1}% 3
\BOOKMARK [2][-]{subsection.1.3}{\376\377\0001\000.\0003\000.\000\040\000S\000i\000m\000p\000l\000e\000\040\000I\000n\000t\000e\000r\000e\000s\000t}{section.1}% 4
\BOOKMARK [1][-]{section.2}{\376\377\0002\000.\000\040\000C\000l\000a\000s\000s\000\040\0000\0003\000.\0000\0009\000.\0002\0000\0002\0000}{}% 5
\BOOKMARK [2][-]{subsection.2.1}{\376\377\0002\000.\0001\000.\000\040\000C\000o\000m\000p\000o\000u\000n\000d\000\040\000I\000n\000t\000e\000r\000e\000s\000t}{section.2}% 6
\BOOKMARK [1][-]{section.3}{\376\377\0003\000.\000\040\000C\000l\000a\000s\000s\000\040\0000\0008\000.\0000\0009\000.\0002\0000\0002\0000}{}% 7
\BOOKMARK [2][-]{subsection.3.1}{\376\377\0003\000.\0001\000.\000\040\000P\000r\000e\000s\000e\000n\000t\000\040\000V\000a\000l\000u\000e\000\040\000a\000n\000d\000\040\000D\000i\000s\000c\000o\000u\000n\000t}{section.3}% 8
\BOOKMARK [1][-]{section.4}{\376\377\0004\000.\000\040\000C\000l\000a\000s\000s\000\040\0001\0000\000.\0000\0009\000.\0002\0000\0002\0000}{}% 9
\BOOKMARK [2][-]{subsection.4.1}{\376\377\0004\000.\0001\000.\000\040\000N\000o\000m\000i\000n\000a\000l\000\040\000R\000a\000t\000e\000\040\000o\000f\000\040\000I\000n\000t\000e\000r\000e\000s\000t}{section.4}% 10
\BOOKMARK [2][-]{subsection.4.2}{\376\377\0004\000.\0002\000.\000\040\000F\000o\000r\000c\000e\000\040\000o\000f\000\040\000I\000n\000t\000e\000r\000e\000s\000t}{section.4}% 11
\BOOKMARK [1][-]{section.5}{\376\377\0005\000.\000\040\000C\000l\000a\000s\000s\000\040\0001\0005\000.\0000\0009\000.\0002\0000\0002\0000}{}% 12
\BOOKMARK [2][-]{subsection.5.1}{\376\377\0005\000.\0001\000.\000\040\000E\000q\000u\000a\000t\000i\000o\000n\000\040\000o\000f\000\040\000V\000a\000l\000u\000e}{section.5}% 13
\BOOKMARK [1][-]{section.6}{\376\377\0006\000.\000\040\000C\000l\000a\000s\000s\000\040\0002\0004\000.\0000\0009\000.\0002\0000\0002\0000}{}% 14
\BOOKMARK [2][-]{subsection.6.1}{\376\377\0006\000.\0001\000.\000\040\000A\000r\000i\000t\000h\000m\000e\000t\000i\000c\000\040\000a\000n\000d\000\040\000g\000e\000o\000m\000e\000t\000r\000i\000c\000\040\000s\000e\000q\000u\000e\000n\000c\000e\000s}{section.6}% 15
\BOOKMARK [2][-]{subsection.6.2}{\376\377\0006\000.\0002\000.\000\040\000B\000a\000s\000i\000c\000\040\000R\000e\000s\000u\000l\000t\000s}{section.6}% 16
\BOOKMARK [1][-]{section.7}{\376\377\0007\000.\000\040\000C\000l\000a\000s\000s\000\040\0000\0006\000.\0001\0000\000.\0002\0000\0002\0000}{}% 17
\BOOKMARK [2][-]{subsection.7.1}{\376\377\0007\000.\0001\000.\000\040\000A\000n\000n\000u\000i\000t\000i\000e\000s}{section.7}% 18
\BOOKMARK [2][-]{subsection.7.2}{\376\377\0007\000.\0002\000.\000\040\000P\000e\000r\000p\000e\000t\000u\000i\000t\000i\000e\000s}{section.7}% 19
\BOOKMARK [2][-]{subsection.7.3}{\376\377\0007\000.\0003\000.\000\040\000U\000n\000k\000n\000o\000w\000n\000\040\000t\000i\000m\000e\000\040\000a\000n\000d\000\040\000u\000n\000k\000n\000o\000w\000n\000\040\000r\000a\000t\000e\000\040\000o\000f\000\040\000i\000n\000t\000e\000r\000e\000s\000t}{section.7}% 20
\BOOKMARK [1][-]{section.8}{\376\377\0008\000.\000\040\000C\000l\000a\000s\000s\000\040\0001\0003\000.\0001\0000\000.\0002\0000\0002\0000}{}% 21
\BOOKMARK [2][-]{subsection.8.1}{\376\377\0008\000.\0001\000.\000\040\000V\000a\000r\000y\000i\000n\000g\000\040\000A\000n\000n\000u\000i\000t\000i\000e\000s}{section.8}% 22
\BOOKMARK [1][-]{section.9}{\376\377\0009\000.\000\040\000C\000l\000a\000s\000s\000\040\0001\0005\000.\0001\0000\000.\0002\0000\0002\0000}{}% 23
\BOOKMARK [2][-]{subsection.9.1}{\376\377\0009\000.\0001\000.\000\040\000A\000m\000o\000r\000t\000i\000z\000a\000t\000i\000o\000n}{section.9}% 24
\BOOKMARK [2][-]{subsection.9.2}{\376\377\0009\000.\0002\000.\000\040\000A\000m\000o\000r\000t\000i\000z\000a\000t\000i\000o\000n\000\040\000S\000c\000h\000e\000d\000u\000l\000e\000s}{section.9}% 25
\BOOKMARK [1][-]{section.10}{\376\377\0001\0000\000.\000\040\000C\000l\000a\000s\000s\000\040\0002\0002\000.\0001\0000\000.\0002\0000\0002\0000}{}% 26
\BOOKMARK [2][-]{subsection.10.1}{\376\377\0001\0000\000.\0001\000.\000\040\000S\000i\000n\000k\000i\000n\000g\000\040\000F\000u\000n\000d\000s}{section.10}% 27
\BOOKMARK [2][-]{subsection.10.2}{\376\377\0001\0000\000.\0002\000.\000\040\000Y\000i\000e\000l\000d\000\040\000R\000a\000t\000e\000s}{section.10}% 28
